<?xml version="1.0" encoding="UTF-8"?>
<!-- Generated by org.testng.reporters.JUnitReportReporter -->
<testsuite hostname="DESKTOP-5DIGRH6" name="SMB.MNT.BizPayTest" tests="1" failures="0" timestamp="26 Jan 2019 03:30:55 GMT" time="0.008" errors="0">
  <testcase name="Bizpay" time="0.008" classname="SMB.MNT.BizPayTest"/>
</testsuite> <!-- SMB.MNT.BizPayTest -->
