<?xml version="1.0" encoding="UTF-8"?>
<!-- Generated by org.testng.reporters.JUnitReportReporter -->
<testsuite skipped="0" hostname="DESKTOP-5DIGRH6" name="SMB.MNT.VendorPaymentTest" tests="1" failures="0" timestamp="26 Jan 2019 14:13:44 GMT" time="0.000" errors="0">
  <testcase name="VendorePayment" time="0.000" classname="SMB.MNT.VendorPaymentTest"/>
</testsuite> <!-- SMB.MNT.VendorPaymentTest -->
