<?xml version="1.0" encoding="UTF-8"?>
<!-- Generated by org.testng.reporters.JUnitReportReporter -->
<testsuite hostname="DESKTOP-5DIGRH6" name="SMB.MNT.VendorPaymentTest" tests="1" failures="0" timestamp="26 Jan 2019 03:30:55 GMT" time="0.001" errors="0">
  <testcase name="VendorePayment" time="0.001" classname="SMB.MNT.VendorPaymentTest"/>
</testsuite> <!-- SMB.MNT.VendorPaymentTest -->
