<?xml version="1.0" encoding="UTF-8"?>
<!-- Generated by org.testng.reporters.JUnitReportReporter -->
<testsuite skipped="0" hostname="DESKTOP-5DIGRH6" name="SMB.MNT.BizPayTest" tests="1" failures="0" timestamp="26 Jan 2019 04:16:45 GMT" time="0.008" errors="0">
  <testcase name="Bizpay" time="0.008" classname="SMB.MNT.BizPayTest"/>
</testsuite> <!-- SMB.MNT.BizPayTest -->
